<?xml version="1.0" encoding="UTF-8"?>
<testsuite name="com.example.springboot.web.IndexControllerTest" tests="1" skipped="0" failures="0" errors="0" timestamp="2020-04-05T09:25:58" hostname="DESKTOP-TNUVAQ8" time="0.253">
  <properties/>
  <testcase name="mainPage_loading" classname="com.example.springboot.web.IndexControllerTest" time="0.253"/>
  <system-out><![CDATA[2020-04-05 18:25:55.307  INFO 12020 --- [    Test worker] .b.t.c.SpringBootTestContextBootstrapper : Neither @ContextConfiguration nor @ContextHierarchy found for test class [com.example.springboot.web.IndexControllerTest], using SpringBootContextLoader
2020-04-05 18:25:55.308  INFO 12020 --- [    Test worker] o.s.t.c.support.AbstractContextLoader    : Could not detect default resource locations for test class [com.example.springboot.web.IndexControllerTest]: no resource found for suffixes {-context.xml, Context.groovy}.
2020-04-05 18:25:55.308  INFO 12020 --- [    Test worker] t.c.s.AnnotationConfigContextLoaderUtils : Could not detect default configuration classes for test class [com.example.springboot.web.IndexControllerTest]: IndexControllerTest does not declare any static, non-private, non-final, nested classes annotated with @Configuration.
2020-04-05 18:25:55.310  INFO 12020 --- [    Test worker] .b.t.c.SpringBootTestContextBootstrapper : Found @SpringBootConfiguration com.example.springboot.Application for test class com.example.springboot.web.IndexControllerTest
2020-04-05 18:25:55.310  INFO 12020 --- [    Test worker] .b.t.c.SpringBootTestContextBootstrapper : Loaded default TestExecutionListener class names from location [META-INF/spring.factories]: [org.springframework.security.test.context.support.WithSecurityContextTestExecutionListener, org.springframework.security.test.context.support.ReactorContextTestExecutionListener, org.springframework.boot.test.autoconfigure.restdocs.RestDocsTestExecutionListener, org.springframework.boot.test.autoconfigure.web.client.MockRestServiceServerResetTestExecutionListener, org.springframework.boot.test.autoconfigure.web.servlet.MockMvcPrintOnlyOnFailureTestExecutionListener, org.springframework.boot.test.autoconfigure.web.servlet.WebDriverTestExecutionListener, org.springframework.boot.test.mock.mockito.MockitoTestExecutionListener, org.springframework.boot.test.mock.mockito.ResetMocksTestExecutionListener, org.springframework.test.context.web.ServletTestExecutionListener, org.springframework.test.context.support.DirtiesContextBeforeModesTestExecutionListener, org.springframework.test.context.support.DependencyInjectionTestExecutionListener, org.springframework.test.context.support.DirtiesContextTestExecutionListener, org.springframework.test.context.transaction.TransactionalTestExecutionListener, org.springframework.test.context.jdbc.SqlScriptsTestExecutionListener]
2020-04-05 18:25:55.311  INFO 12020 --- [    Test worker] .b.t.c.SpringBootTestContextBootstrapper : Using TestExecutionListeners: [org.springframework.test.context.web.ServletTestExecutionListener@17c77c50, org.springframework.test.context.support.DirtiesContextBeforeModesTestExecutionListener@6b968957, org.springframework.boot.test.mock.mockito.MockitoTestExecutionListener@16e0f7d4, org.springframework.boot.test.autoconfigure.SpringBootDependencyInjectionTestExecutionListener@252afaec, org.springframework.test.context.support.DirtiesContextTestExecutionListener@9a337e5, org.springframework.test.context.transaction.TransactionalTestExecutionListener@5620dbb7, org.springframework.test.context.jdbc.SqlScriptsTestExecutionListener@476fd8f0, org.springframework.security.test.context.support.WithSecurityContextTestExecutionListener@3560b76b, org.springframework.security.test.context.support.ReactorContextTestExecutionListener@256ca23d, org.springframework.boot.test.autoconfigure.restdocs.RestDocsTestExecutionListener@75c12844, org.springframework.boot.test.autoconfigure.web.client.MockRestServiceServerResetTestExecutionListener@4c50c654, org.springframework.boot.test.autoconfigure.web.servlet.MockMvcPrintOnlyOnFailureTestExecutionListener@7c3beb5a, org.springframework.boot.test.autoconfigure.web.servlet.WebDriverTestExecutionListener@3c86d3aa, org.springframework.boot.test.mock.mockito.ResetMocksTestExecutionListener@40f94f76]

  .   ____          _            __ _ _
 /\\ / ___'_ __ _ _(_)_ __  __ _ \ \ \ \
( ( )\___ | '_ | '_| | '_ \/ _` | \ \ \ \
 \\/  ___)| |_)| | | | | || (_| |  ) ) ) )
  '  |____| .__|_| |_|_| |_\__, | / / / /
 =========|_|==============|___/=/_/_/_/
 :: Spring Boot ::        (v2.1.7.RELEASE)

2020-04-05 18:25:55.362  INFO 12020 --- [    Test worker] c.e.springboot.web.IndexControllerTest   : Starting IndexControllerTest on DESKTOP-TNUVAQ8 with PID 12020 (started by eohyemin in C:\Users\eohyemin\IdeaProjects\springboot-web)
2020-04-05 18:25:55.363  INFO 12020 --- [    Test worker] c.e.springboot.web.IndexControllerTest   : No active profile set, falling back to default profiles: default
2020-04-05 18:25:55.717  INFO 12020 --- [    Test worker] .s.d.r.c.RepositoryConfigurationDelegate : Bootstrapping Spring Data repositories in DEFAULT mode.
2020-04-05 18:25:55.772  INFO 12020 --- [    Test worker] .s.d.r.c.RepositoryConfigurationDelegate : Finished Spring Data repository scanning in 54ms. Found 2 repository interfaces.
2020-04-05 18:25:55.927  INFO 12020 --- [    Test worker] trationDelegate$BeanPostProcessorChecker : Bean 'org.springframework.transaction.annotation.ProxyTransactionManagementConfiguration' of type [org.springframework.transaction.annotation.ProxyTransactionManagementConfiguration$$EnhancerBySpringCGLIB$$c16776cf] is not eligible for getting processed by all BeanPostProcessors (for example: not eligible for auto-proxying)
2020-04-05 18:25:56.273  INFO 12020 --- [    Test worker] o.s.b.w.embedded.tomcat.TomcatWebServer  : Tomcat initialized with port(s): 0 (http)
2020-04-05 18:25:56.318  INFO 12020 --- [    Test worker] o.apache.catalina.core.StandardService   : Starting service [Tomcat]
2020-04-05 18:25:56.319  INFO 12020 --- [    Test worker] org.apache.catalina.core.StandardEngine  : Starting Servlet engine: [Apache Tomcat/9.0.22]
2020-04-05 18:25:56.590  INFO 12020 --- [    Test worker] o.a.c.c.C.[Tomcat].[localhost].[/]       : Initializing Spring embedded WebApplicationContext
2020-04-05 18:25:56.590  INFO 12020 --- [    Test worker] o.s.web.context.ContextLoader            : Root WebApplicationContext: initialization completed in 1223 ms
2020-04-05 18:25:56.853  INFO 12020 --- [    Test worker] com.zaxxer.hikari.HikariDataSource       : HikariPool-2 - Starting...
2020-04-05 18:25:56.855  INFO 12020 --- [    Test worker] com.zaxxer.hikari.HikariDataSource       : HikariPool-2 - Start completed.
2020-04-05 18:25:56.916  INFO 12020 --- [    Test worker] o.hibernate.jpa.internal.util.LogHelper  : HHH000204: Processing PersistenceUnitInfo [
	name: default
	...]
2020-04-05 18:25:56.933  INFO 12020 --- [    Test worker] org.hibernate.dialect.Dialect            : HHH000400: Using dialect: org.hibernate.dialect.MySQL5InnoDBDialect
Hibernate: drop table if exists posts
Hibernate: drop table if exists user
Hibernate: create table posts (id bigint not null auto_increment, created_date datetime, modified_date datetime, author varchar(255), content TEXT not null, title varchar(500) not null, primary key (id)) engine=InnoDB
Hibernate: create table user (id bigint not null auto_increment, created_date datetime, modified_date datetime, email varchar(255) not null, name varchar(255) not null, picture varchar(255), role varchar(255) not null, primary key (id)) engine=InnoDB
2020-04-05 18:25:57.008  INFO 12020 --- [    Test worker] o.h.t.schema.internal.SchemaCreatorImpl  : HHH000476: Executing import script 'org.hibernate.tool.schema.internal.exec.ScriptSourceInputNonExistentImpl@7c4f7a5e'
2020-04-05 18:25:57.009  INFO 12020 --- [    Test worker] j.LocalContainerEntityManagerFactoryBean : Initialized JPA EntityManagerFactory for persistence unit 'default'
2020-04-05 18:25:57.450  INFO 12020 --- [    Test worker] o.h.h.i.QueryTranslatorFactoryInitiator  : HHH000397: Using ASTQueryTranslatorFactory
2020-04-05 18:25:57.708  INFO 12020 --- [    Test worker] o.s.s.web.DefaultSecurityFilterChain     : Creating filter chain: any request, [org.springframework.security.web.context.request.async.WebAsyncManagerIntegrationFilter@788c998c, org.springframework.security.web.context.SecurityContextPersistenceFilter@7c62f18a, org.springframework.security.web.header.HeaderWriterFilter@18131fde, org.springframework.security.web.authentication.logout.LogoutFilter@2fd39336, org.springframework.security.oauth2.client.web.OAuth2AuthorizationRequestRedirectFilter@13fba874, org.springframework.security.oauth2.client.web.OAuth2LoginAuthenticationFilter@7303ca4f, org.springframework.security.web.authentication.ui.DefaultLoginPageGeneratingFilter@44d6c487, org.springframework.security.web.authentication.ui.DefaultLogoutPageGeneratingFilter@7d7b242b, org.springframework.security.web.savedrequest.RequestCacheAwareFilter@3e8d2fa7, org.springframework.security.web.servletapi.SecurityContextHolderAwareRequestFilter@3e603a47, org.springframework.security.web.authentication.AnonymousAuthenticationFilter@330d9bf8, org.springframework.security.web.session.SessionManagementFilter@51a56d29, org.springframework.security.web.access.ExceptionTranslationFilter@1a8b04cd, org.springframework.security.web.access.intercept.FilterSecurityInterceptor@2a75f0f6]
2020-04-05 18:25:57.948  INFO 12020 --- [    Test worker] o.s.s.concurrent.ThreadPoolTaskExecutor  : Initializing ExecutorService 'applicationTaskExecutor'
2020-04-05 18:25:57.964  WARN 12020 --- [    Test worker] aWebConfiguration$JpaWebMvcConfiguration : spring.jpa.open-in-view is enabled by default. Therefore, database queries may be performed during view rendering. Explicitly configure spring.jpa.open-in-view to disable this warning
2020-04-05 18:25:58.008  INFO 12020 --- [    Test worker] o.s.b.a.w.s.WelcomePageHandlerMapping    : Adding welcome page template: index
2020-04-05 18:25:58.373  INFO 12020 --- [    Test worker] s.a.ScheduledAnnotationBeanPostProcessor : No TaskScheduler/ScheduledExecutorService bean found for scheduled processing
2020-04-05 18:25:58.401  INFO 12020 --- [    Test worker] o.s.b.w.embedded.tomcat.TomcatWebServer  : Tomcat started on port(s): 59358 (http) with context path ''
2020-04-05 18:25:58.402  INFO 12020 --- [    Test worker] c.e.springboot.web.IndexControllerTest   : Started IndexControllerTest in 3.088 seconds (JVM running for 14.589)
2020-04-05 18:25:58.538  INFO 12020 --- [o-auto-1-exec-1] o.a.c.c.C.[Tomcat].[localhost].[/]       : Initializing Spring DispatcherServlet 'dispatcherServlet'
2020-04-05 18:25:58.539  INFO 12020 --- [o-auto-1-exec-1] o.s.web.servlet.DispatcherServlet        : Initializing Servlet 'dispatcherServlet'
2020-04-05 18:25:58.567  INFO 12020 --- [o-auto-1-exec-1] o.s.web.servlet.DispatcherServlet        : Completed initialization in 28 ms
Hibernate: select posts0_.id as id1_0_, posts0_.created_date as created_2_0_, posts0_.modified_date as modified3_0_, posts0_.author as author4_0_, posts0_.content as content5_0_, posts0_.title as title6_0_ from posts posts0_ order by posts0_.id DESC
]]></system-out>
  <system-err><![CDATA[]]></system-err>
</testsuite>
